<?xml version="1.0"?>
<component name="org.nuxeo.ecm.core.uidseq.tests">

    <extension target="org.nuxeo.ecm.core.uidgen.UIDGeneratorService" point="sequencers">
        <sequencer name="mongoDBSeq" class="org.nuxeo.ecm.core.uidgen.KeyValueStoreUIDSequencer"/>
    </extension>

</component>
